************************************************************************
Not in type system
************************************************************************

************************************************************************
Generation disabled by type system
 - QAbstractAnimation::d_func
 - QAbstractButton::d_func
 - QAbstractEventDispatcher::d_func
 - QAbstractEventDispatcher::filterEvent
 - QAbstractEventDispatcher::setEventFilter
 - QAbstractFileEngine::beginEntryList
 - QAbstractFileEngine::d_func
 - QAbstractFileEngine::endEntryList
 - QAbstractFileEngine::extension
 - QAbstractFileEngine::map
 - QAbstractFileEngineIterator::entryInfo
 - QAbstractGraphicsShapeItem::d_func
 - QAbstractItemModel::d_func
 - QAbstractItemView::d_func
 - QAbstractPageSetupDialog::d_func
 - QAbstractPrintDialog::d_func
 - QAbstractProxyModel::d_func
 - QAbstractScrollArea::d_func
 - QAbstractSlider::d_func
 - QAbstractSpinBox::d_func
 - QAbstractState::d_func
 - QAbstractTextDocumentLayout::d_func
 - QAbstractTransition::d_func
 - QAction::d_func
 - QActionGroup::d_func
 - QActionGroup::selected
 - QAnimationGroup::d_func
 - QApplication::compressEvent
 - QApplication::d_func
 - QBitArray::data_ptr
 - QBitArray::detach
 - QBitArray::isDetached
 - QBoxLayout::d_func
 - QBrush::cleanUp
 - QBrush::data_ptr
 - QBrush::detach
 - QBrush::isDetached
 - QBuffer::d_func
 - QButtonGroup::d_func
 - QByteArray::contains
 - QByteArray::data_ptr
 - QByteArray::detach
 - QByteArray::isDetached
 - QCalendarWidget::d_func
 - QCheckBox::d_func
 - QCleanlooksStyle::d_func
 - QClipboard::d_func
 - QColorDialog::d_func
 - QColumnView::d_func
 - QComboBox::d_func
 - QCommandLinkButton::d_func
 - QCommonStyle::d_func
 - QCompleter::d_func
 - QCoreApplication::compressEvent
 - QCoreApplication::d_func
 - QCoreApplication::filterEvent
 - QCoreApplication::setEventFilter
 - QDataWidgetMapper::d_func
 - QDateTime::detach
 - QDateTimeEdit::d_func
 - QDesktopWidget::d_func
 - QDial::d_func
 - QDialog::d_func
 - QDialogButtonBox::d_func
 - QDir::d_func
 - QDirModel::d_func
 - QDockWidget::d_func
 - QDoubleSpinBox::d_func
 - QDoubleValidator::d_func
 - QDrag::d_func
 - QEasingCurve::setCustomType
 - QErrorMessage::d_func
 - QEventLoop::d_func
 - QEventTransition::d_func
 - QFSFileEngine::d_func
 - QFile::d_func
 - QFile::setDecodingFunction
 - QFile::setEncodingFunction
 - QFileDialog::d_func
 - QFileIconProvider::d_func
 - QFileInfo::d_func
 - QFileInfo::detach
 - QFileSystemModel::d_func
 - QFileSystemWatcher::d_func
 - QFinalState::d_func
 - QFocusFrame::d_func
 - QFont::detach
 - QFontComboBox::d_func
 - QFontDialog::d_func
 - QFormLayout::d_func
 - QFrame::d_func
 - QGesture::d_func
 - QGestureEvent::d_func
 - QGraphicsAnchor::d_func
 - QGraphicsAnchorLayout::d_func
 - QGraphicsBlurEffect::d_func
 - QGraphicsColorizeEffect::d_func
 - QGraphicsDropShadowEffect::d_func
 - QGraphicsEffect::d_func
 - QGraphicsEllipseItem::d_func
 - QGraphicsGridLayout::d_func
 - QGraphicsItem::d_func
 - QGraphicsItemGroup::d_func
 - QGraphicsLayout::d_func
 - QGraphicsLayoutItem::d_func
 - QGraphicsLineItem::d_func
 - QGraphicsLinearLayout::d_func
 - QGraphicsOpacityEffect::d_func
 - QGraphicsPathItem::d_func
 - QGraphicsPixmapItem::d_func
 - QGraphicsPolygonItem::d_func
 - QGraphicsProxyWidget::d_func
 - QGraphicsRectItem::d_func
 - QGraphicsRotation::d_func
 - QGraphicsScale::d_func
 - QGraphicsScene::d_func
 - QGraphicsSceneContextMenuEvent::d_func
 - QGraphicsSceneDragDropEvent::d_func
 - QGraphicsSceneEvent::d_func
 - QGraphicsSceneHelpEvent::d_func
 - QGraphicsSceneHoverEvent::d_func
 - QGraphicsSceneMouseEvent::d_func
 - QGraphicsSceneMoveEvent::d_func
 - QGraphicsSceneResizeEvent::d_func
 - QGraphicsSceneWheelEvent::d_func
 - QGraphicsSimpleTextItem::d_func
 - QGraphicsTransform::d_func
 - QGraphicsView::d_func
 - QGraphicsWidget::d_func
 - QGridLayout::d_func
 - QGroupBox::d_func
 - QGtkStyle::d_func
 - QHash::detach
 - QHash::isDetached
 - QHeaderView::d_func
 - QHistoryState::d_func
 - QIODevice::d_func
 - QIcon::data_ptr
 - QIcon::detach
 - QIcon::isDetached
 - QImage::data_ptr
 - QImage::detach
 - QImage::isDetached
 - QImageIOHandler::d_func
 - QInputContext::d_func
 - QInputDialog::d_func
 - QItemDelegate::d_func
 - QItemSelectionModel::d_func
 - QKeyEvent::operator==
 - QKeyEventTransition::d_func
 - QKeySequence::data_ptr
 - QKeySequence::isDetached
 - QLCDNumber::d_func
 - QLabel::d_func
 - QLayout::d_func
 - QLineEdit::d_func
 - QList::detach
 - QList::isDetached
 - QListView::d_func
 - QListWidget::d_func
 - QMainWindow::d_func
 - QMap::detach
 - QMap::isDetached
 - QMdiArea::d_func
 - QMdiSubWindow::d_func
 - QMenu::d_func
 - QMenuBar::d_func
 - QMessageBox::d_func
 - QMetaObject::activate
 - QMetaObject::addGuard
 - QMetaObject::changeGuard
 - QMetaObject::removeGuard
 - QMetaObject::static_metacall
 - QMetaObject::tr
 - QMetaObject::trUtf8
 - QMimeData::d_func
 - QMotifStyle::d_func
 - QMouseEventTransition::d_func
 - QMovie::d_func
 - QObject::d_func
 - QObject::tr
 - QObject::trUtf8
 - QPageSetupDialog::d_func
 - QPaintEngine::d_func
 - QPaintEngine::fix_neg_rect
 - QPainter::d_func
 - QPainterPath::d_func
 - QPainterPath::detach
 - QPainterPathStroker::d_func
 - QPalette::detach
 - QPanGesture::d_func
 - QParallelAnimationGroup::d_func
 - QPauseAnimation::d_func
 - QPen::data_ptr
 - QPen::detach
 - QPen::isDetached
 - QPicture::d_func
 - QPicture::data_ptr
 - QPicture::detach
 - QPicture::isDetached
 - QPictureIO::defineIOHandler
 - QPinchGesture::d_func
 - QPixmap::data_ptr
 - QPixmap::detach
 - QPixmap::isDetached
 - QPlainTextDocumentLayout::d_func
 - QPlainTextEdit::d_func
 - QPlastiqueStyle::d_func
 - QPolygon::point
 - QPolygon::putPoints
 - QPolygon::setPoint
 - QPolygon::setPoints
 - QPrintDialog::d_func
 - QPrintPreviewDialog::d_func
 - QPrintPreviewWidget::d_func
 - QPrinter::d_func
 - QPrinter::printerSelectionOption
 - QPrinter::setPrinterSelectionOption
 - QPrinterInfo::d_func
 - QProcess::d_func
 - QProcess::pid
 - QProgressBar::d_func
 - QProgressDialog::d_func
 - QPropertyAnimation::d_func
 - QProxyModel::d_func
 - QPushButton::d_func
 - QRadioButton::d_func
 - QRegion::cleanUp
 - QRegion::detach
 - QResource::d_func
 - QRubberBand::d_func
 - QScrollArea::d_func
 - QScrollBar::d_func
 - QSequentialAnimationGroup::d_func
 - QSessionManager::d_func
 - QSet::detach
 - QSet::isDetached
 - QSettings::d_func
 - QSettings::registerFormat
 - QShortcut::d_func
 - QSignalMapper::d_func
 - QSignalTransition::d_func
 - QSizeGrip::d_func
 - QSlider::d_func
 - QSocketNotifier::d_func
 - QSortFilterProxyModel::d_func
 - QSound::d_func
 - QSpinBox::d_func
 - QSplashScreen::d_func
 - QSplitter::d_func
 - QSplitterHandle::d_func
 - QStackedLayout::d_func
 - QStackedWidget::d_func
 - QStandardItem::d_func
 - QStandardItemModel::d_func
 - QState::d_func
 - QStateMachine::d_func
 - QStatusBar::d_func
 - QStyle::d_func
 - QStyledItemDelegate::d_func
 - QSwipeGesture::d_func
 - QSyntaxHighlighter::d_func
 - QSystemTrayIcon::d_func
 - QTabBar::d_func
 - QTabWidget::d_func
 - QTableView::d_func
 - QTableWidget::d_func
 - QTapAndHoldGesture::d_func
 - QTapGesture::d_func
 - QTemporaryFile::d_func
 - QTextBlockGroup::d_func
 - QTextBrowser::d_func
 - QTextDocument::d_func
 - QTextEdit::d_func
 - QTextFrame::d_func
 - QTextList::d_func
 - QTextObject::d_func
 - QTextStream::d_func
 - QTextTable::d_func
 - QThread::d_func
 - QThreadPool::d_func
 - QTimeLine::d_func
 - QToolBar::d_func
 - QToolBox::d_func
 - QToolButton::d_func
 - QTranslator::d_func
 - QTreeView::d_func
 - QTreeWidget::d_func
 - QTreeWidgetItemIterator::d_func
 - QUndoGroup::d_func
 - QUndoStack::d_func
 - QUndoView::d_func
 - QUrl::data_ptr
 - QUrl::detach
 - QUrl::isDetached
 - QValidator::d_func
 - QVariantAnimation::d_func
 - QVariantAnimation::qRegisterAnimationInterpolator
 - QVector::back
 - QVector::begin
 - QVector::constBegin
 - QVector::constData
 - QVector::constEnd
 - QVector::data
 - QVector::detach
 - QVector::end
 - QVector::erase
 - QVector::first
 - QVector::free
 - QVector::fromStdVector
 - QVector::front
 - QVector::insert
 - QVector::isDetached
 - QVector::last
 - QVector::malloc
 - QVector::operator+=
 - QVector::operator[]
 - QVector::toStdVector
 - QWidget::create
 - QWidget::d_func
 - QWidget::find
 - QWidget::handle
 - QWidget::internalWinId
 - QWidget::styleChange
 - QWidgetAction::d_func
 - QWindowsStyle::d_func
 - QWizard::d_func
 - QWizardPage::d_func
 - QWorkspace::d_func
 - QXmlStreamReader::d_func
 - QXmlStreamWriter::d_func
 - QwtPlotItem::detach
************************************************************************

************************************************************************
Type redefined to not be a class
************************************************************************

************************************************************************
Unmatched argument type
 - QAbstractAnimation::QAbstractAnimation
 - QAbstractButton::QAbstractButton
 - QAbstractEventDispatcher::QAbstractEventDispatcher
 - QAbstractFileEngine::QAbstractFileEngine
 - QAbstractGraphicsShapeItem::QAbstractGraphicsShapeItem
 - QAbstractItemDelegate::QAbstractItemDelegate
 - QAbstractItemModel::QAbstractItemModel
 - QAbstractItemView::QAbstractItemView
 - QAbstractListModel::QAbstractListModel
 - QAbstractPageSetupDialog::QAbstractPageSetupDialog
 - QAbstractPrintDialog::QAbstractPrintDialog
 - QAbstractProxyModel::QAbstractProxyModel
 - QAbstractScrollArea::QAbstractScrollArea
 - QAbstractSlider::QAbstractSlider
 - QAbstractSpinBox::QAbstractSpinBox
 - QAbstractState::QAbstractState
 - QAbstractTableModel::QAbstractTableModel
 - QAbstractTextDocumentLayout::QAbstractTextDocumentLayout
 - QAbstractTransition::QAbstractTransition
 - QAction::QAction
 - QAnimationGroup::QAnimationGroup
 - QApplication::QApplication
 - QApplication::x11ClientMessage
 - QApplication::x11EventFilter
 - QApplication::x11ProcessEvent
 - QByteArray::QByteArray
 - QCleanlooksStyle::QCleanlooksStyle
 - QClipboardEvent::QClipboardEvent
 - QColumnView::QColumnView
 - QComboBox::QComboBox
 - QCommonStyle::QCommonStyle
 - QCoreApplication::QCoreApplication
 - QCursor::QCursor
 - QDataStream::setByteOrder
 - QDialog::QDialog
 - QDirModel::QDirModel
 - QEventTransition::QEventTransition
 - QFSFileEngine::QFSFileEngine
 - QFSFileEngine::extension
 - QFSFileEngine::open
 - QFile::QFile
 - QFile::open
 - QFileDialog::QFileDialog
 - QFileSystemModel::QFileSystemModel
 - QFont::QFont
 - QFontDatabase::load
 - QFrame::QFrame
 - QGesture::QGesture
 - QGraphicsEffect::QGraphicsEffect
 - QGraphicsItem::QGraphicsItem
 - QGraphicsLayout::QGraphicsLayout
 - QGraphicsLayoutItem::QGraphicsLayoutItem
 - QGraphicsObject::QGraphicsObject
 - QGraphicsSceneEvent::QGraphicsSceneEvent
 - QGraphicsTransform::QGraphicsTransform
 - QGraphicsView::QGraphicsView
 - QGraphicsWidget::QGraphicsWidget
 - QGtkStyle::QGtkStyle
 - QHash::deleteNode
 - QHash::deleteNode2
 - QHash::duplicateNode
 - QHash::freeData
 - QHeaderView::QHeaderView
 - QIODevice::QIODevice
 - QImage::text
 - QImageIOHandler::QImageIOHandler
 - QInputContext::x11FilterEvent
 - QInputDialog::setOptions
 - QItemSelectionModel::QItemSelectionModel
 - QLayout::QLayout
 - QList::free
 - QList::fromStdList
 - QList::node_construct
 - QList::node_copy
 - QList::node_destruct
 - QListView::QListView
 - QMap::QMap
 - QMap::freeData
 - QMatrix::QMatrix
 - QMenu::QMenu
 - QMotifStyle::QMotifStyle
 - QObject::QObject
 - QObject::setUserData
 - QPaintEngine::QPaintEngine
 - QParallelAnimationGroup::QParallelAnimationGroup
 - QPicture::QPicture
 - QPixmap::QPixmap
 - QPixmap::fromX11Pixmap
 - QPixmapCache::find
 - QPixmapCache::remove
 - QPixmapCache::replace
 - QPlainTextEdit::QPlainTextEdit
 - QPluginLoader::setLoadHints
 - QProxyModel::QProxyModel
 - QPushButton::QPushButton
 - QRegion::exec
 - QScrollArea::QScrollArea
 - QSequentialAnimationGroup::QSequentialAnimationGroup
 - QStandardItem::QStandardItem
 - QStandardItemModel::QStandardItemModel
 - QState::QState
 - QStateMachine::QStateMachine
 - QStyle::QStyle
 - QTableView::QTableView
 - QTextBlock::QTextBlock
 - QTextBlock::iterator::iterator
 - QTextBlockGroup::QTextBlockGroup
 - QTextCursor::QTextCursor
 - QTextDocument::QTextDocument
 - QTextDocument::appendUndoItem
 - QTextEdit::QTextEdit
 - QTextFragment::QTextFragment
 - QTextFrame::QTextFrame
 - QTextFrame::setLayoutData
 - QTextInlineObject::QTextInlineObject
 - QTextLayout::QTextLayout
 - QTextLine::QTextLine
 - QTextObject::QTextObject
 - QTextStream::QTextStream
 - QTextStreamManipulator::QTextStreamManipulator
 - QThread::QThread
 - QToolButton::QToolButton
 - QTouchEvent::QTouchEvent
 - QTouchEvent::TouchPoint::setState
 - QTouchEvent::setTouchPointStates
 - QTransform::QTransform
 - QTreeView::QTreeView
 - QValidator::QValidator
 - QVariantAnimation::QVariantAnimation
 - QVariantAnimation::registerInterpolator
 - QWidget::QWidget
 - QWidget::setWindowSurface
 - QWidget::x11Event
 - QWindowsStyle::QWindowsStyle
 - QXmlStreamAttributes::hasAttribute
 - QXmlStreamAttributes::value
 - QtConcurrent::blockingFilter
 - QtConcurrent::blockingMap
 - QwtPlot::QwtPlot
 - QwtPlot::drawItems
 - QwtPlot::initPlot
 - QwtPlot::insertLegend
 - QwtPlot::print
 - QwtPlot::printCanvas
 - QwtPlot::setAxisScaleDiv
 - QwtPlot::setAxisScaleDraw
 - QwtPlot::setAxisScaleEngine
 - QwtPlot::setAxisTitle
 - QwtPlot::setTitle
 - QwtPlotCurve::QwtPlotCurve
 - QwtPlotCurve::closePolyline
 - QwtPlotCurve::draw
 - QwtPlotCurve::drawCurve
 - QwtPlotCurve::drawDots
 - QwtPlotCurve::drawLines
 - QwtPlotCurve::drawSteps
 - QwtPlotCurve::drawSticks
 - QwtPlotCurve::drawSymbols
 - QwtPlotCurve::fillCurve
 - QwtPlotCurve::setCurveAttribute
 - QwtPlotCurve::setCurveFitter
 - QwtPlotCurve::setCurveType
 - QwtPlotCurve::setData
 - QwtPlotCurve::setPaintAttribute
 - QwtPlotCurve::setStyle
 - QwtPlotCurve::setSymbol
 - QwtPlotCurve::testCurveAttribute
 - QwtPlotCurve::testPaintAttribute
 - QwtPlotCurve::updateLegend
 - QwtPlotItem::QwtPlotItem
 - QwtPlotItem::draw
 - QwtPlotItem::invTransform
 - QwtPlotItem::paintRect
 - QwtPlotItem::scaleRect
 - QwtPlotItem::setItemAttribute
 - QwtPlotItem::setRenderHint
 - QwtPlotItem::setTitle
 - QwtPlotItem::testItemAttribute
 - QwtPlotItem::testRenderHint
 - QwtPlotItem::transform
 - QwtPlotItem::updateLegend
 - QwtPlotItem::updateScaleDiv
************************************************************************

************************************************************************
Unmatched return type
 - QBitArray::operator[]
 - QByteArray::operator[]
 - QClipboardEvent::data
 - QCursor::handle
 - QDataStream::byteOrder
 - QFont::freetypeFace
 - QFontDatabase::loadXlfd
 - QGraphicsEffect::source
 - QHash::begin
 - QHash::concrete
 - QHash::constBegin
 - QHash::constEnd
 - QHash::constFind
 - QHash::createNode
 - QHash::end
 - QHash::erase
 - QHash::find
 - QHash::findNode
 - QHash::insert
 - QHash::insertMulti
 - QImage::textList
 - QInputDialog::options
 - QList::begin
 - QList::constBegin
 - QList::constEnd
 - QList::end
 - QList::erase
 - QList::insert
 - QList::toStdList
 - QLocale::d
 - QMap::begin
 - QMap::concrete
 - QMap::constBegin
 - QMap::constEnd
 - QMap::constFind
 - QMap::end
 - QMap::erase
 - QMap::find
 - QMap::findNode
 - QMap::insert
 - QMap::insertMulti
 - QMap::lowerBound
 - QMap::mutableFindNode
 - QMap::node_create
 - QMap::toStdMap
 - QMap::upperBound
 - QMultiMap::constFind
 - QMultiMap::find
 - QMultiMap::insert
 - QMultiMap::replace
 - QObject::userData
 - QPixmap::pixmapData
 - QPixmap::x11Info
 - QPixmapCache::insert
 - QPlainTextDocumentLayout::priv
 - QPluginLoader::loadHints
 - QRegion::handle
 - QSet::begin
 - QSet::constBegin
 - QSet::constEnd
 - QSet::constFind
 - QSet::end
 - QSet::erase
 - QSet::find
 - QSet::insert
 - QTextBlock::docHandle
 - QTextDocument::docHandle
 - QTextFrame::layoutData
 - QTextLayout::engine
 - QTextObject::docHandle
 - QTouchEvent::touchPointStates
 - QWidget::windowSurface
 - QWidget::x11Info
 - QtConcurrent::blockingFiltered
 - QtConcurrent::blockingFilteredReduced
 - QtConcurrent::blockingMapped
 - QtConcurrent::blockingMappedReduced
 - QtConcurrent::filter
 - QtConcurrent::filtered
 - QtConcurrent::filteredReduced
 - QtConcurrent::map
 - QtConcurrent::mapped
 - QtConcurrent::mappedReduced
 - QtConcurrent::operator|
 - QtConcurrent::run
 - QwtPlot::axisScaleDiv
 - QwtPlot::axisScaleDraw
 - QwtPlot::axisScaleEngine
 - QwtPlot::axisTitle
 - QwtPlot::axisWidget
 - QwtPlot::canvas
 - QwtPlot::canvasMap
 - QwtPlot::legend
 - QwtPlot::plotLayout
 - QwtPlot::title
 - QwtPlot::titleLabel
 - QwtPlotCurve::curveFitter
 - QwtPlotCurve::curveType
 - QwtPlotCurve::data
 - QwtPlotCurve::style
 - QwtPlotCurve::symbol
 - QwtPlotItem::title
************************************************************************

************************************************************************
Incompatible API
************************************************************************

