************************************************************************
Not in type system
 - FP_NORMAL
 - QMetaMethod::Attributes
 - QPixmap::ShareMode
 - Qt::Initialization
 - QtValidLicenseForDeclarativeModule
 - QwtPlot::Axis
 - QwtPlot::LegendPosition
 - QwtPlotCurve::CurveAttribute
 - QwtPlotCurve::CurveStyle
 - QwtPlotCurve::CurveType
 - QwtPlotCurve::PaintAttribute
 - QwtPlotItem::ItemAttribute
 - QwtPlotItem::RenderHint
 - QwtPlotItem::RttiValues
************************************************************************

************************************************************************
Generation disabled by type system
 - QAbstractFileEngineIterator::EntryInfoType
 - QDataStream::ByteOrder
 - QFont::ResolveProperties
 - QGraphicsEllipseItem::Type
 - QGraphicsItem::UserType
 - QGraphicsItemGroup::Type
 - QGraphicsLineItem::Type
 - QGraphicsPathItem::Type
 - QGraphicsPixmapItem::Type
 - QGraphicsPolygonItem::Type
 - QGraphicsProxyWidget::Type
 - QGraphicsRectItem::Type
 - QGraphicsSimpleTextItem::Type
 - QGraphicsTextItem::Type
 - QGraphicsWidget::Type
 - QMatrix4x4::enum_1
 - Q_DUMMY_TYPE
 - QtValidLicenseForActiveQtModule
 - QtValidLicenseForCoreModule
 - QtValidLicenseForDBusModule
 - QtValidLicenseForGuiModule
 - QtValidLicenseForHelpModule
 - QtValidLicenseForNetworkModule
 - QtValidLicenseForOpenGLModule
 - QtValidLicenseForQt3SupportLightModule
 - QtValidLicenseForQt3SupportModule
 - QtValidLicenseForScriptModule
 - QtValidLicenseForScriptToolsModule
 - QtValidLicenseForSqlModule
 - QtValidLicenseForSvgModule
 - QtValidLicenseForTestModule
 - QtValidLicenseForXmlModule
 - QtValidLicenseForXmlPatternsModule
 - _ISalnum
 - __codecvt_result
************************************************************************

************************************************************************
Type redefined to not be a class
************************************************************************

************************************************************************
Unmatched argument type
************************************************************************

************************************************************************
Unmatched return type
************************************************************************

************************************************************************
Incompatible API
************************************************************************

