************************************************************************
Not in type system
************************************************************************

************************************************************************
Generation disabled by type system
 - QAbstractFileEngine::d_ptr
 - QAbstractTextDocumentLayout::PaintContext::selections
 - QChildEvent::c
 - QDir::d_ptr
 - QEvent::d
 - QEvent::t
 - QFileInfo::d_ptr
 - QGraphicsItem::d_ptr
 - QGraphicsLayoutItem::d_ptr
 - QGraphicsSceneEvent::d_ptr
 - QImageIOHandler::d_ptr
 - QMetaObject::d
 - QMotifStyle::focus
 - QObject::d_ptr
 - QObject::staticMetaObject
 - QObject::staticQtMetaObject
 - QPaintEngine::d_ptr
 - QResource::d_ptr
 - QStandardItem::d_ptr
 - QTabletEvent::mExtra
 - QTextCodec::ConverterState::d
 - QTextCodec::ConverterState::state_data
 - QTimerEvent::id
 - QTouchEvent::_touchPointStates
 - QUuid::data1
 - QUuid::data2
 - QUuid::data3
 - QUuid::data4
 - QWheelEvent::d
 - QWidgetItem::wid
************************************************************************

************************************************************************
Type redefined to not be a class
************************************************************************

************************************************************************
Unmatched argument type
************************************************************************

************************************************************************
Unmatched return type
************************************************************************

************************************************************************
Incompatible API
************************************************************************

