************************************************************************
Not in type system
 - QAbstractAudioDeviceInfo
 - QAbstractAudioInput
 - QAbstractAudioOutput
 - QAbstractConcatenable
 - QAbstractFileEngine::MapExtensionOption
 - QAbstractFileEngine::MapExtensionReturn
 - QAbstractFileEngine::UnMapExtensionOption
 - QAbstractMessageHandler
 - QAbstractNetworkCache
 - QAbstractSocket
 - QAbstractUriResolver
 - QAbstractVideoBuffer
 - QAbstractVideoSurface
 - QAbstractXmlNodeModel
 - QAbstractXmlReceiver
 - QAccessible2Interface
 - QAccessibleActionInterface
 - QAccessibleBridge
 - QAccessibleImageInterface
 - QAccessiblePlugin
 - QAccessibleTableInterface
 - QArgument
 - QAudioDeviceInfo
 - QAudioEngineFactoryInterface
 - QAudioEnginePlugin
 - QAudioFormat
 - QAudioInput
 - QAudioOutput
 - QAuthenticator
 - QByteArrayMatcher::Data
 - QColormap
 - QConcatenable
 - QContiguousCacheData
 - QContiguousCacheTypedData
 - QDomAttr
 - QDomCDATASection
 - QDomCharacterData
 - QDomComment
 - QDomDocument
 - QDomDocumentFragment
 - QDomDocumentType
 - QDomElement
 - QDomEntity
 - QDomEntityReference
 - QDomImplementation
 - QDomNamedNodeMap
 - QDomNode
 - QDomNodeList
 - QDomNotation
 - QDomProcessingInstruction
 - QDomText
 - QDragResponseEvent
 - QEventSizeOfChecker>
 - QFtp
 - QFuture
 - QFutureIterator
 - QFutureWatcher
 - QFutureWatcherBase
 - QGLColormap
 - QGLContext
 - QGLFormat
 - QGLFramebufferObject
 - QGLFramebufferObjectFormat
 - QGLPixelBuffer
 - QGLShader
 - QGLShaderProgram
 - QGLWidget
 - QGenericMatrix
 - QGraphicsSvgItem
 - QGraphicsWebView
 - QHash::const_iterator
 - QHash::iterator
 - QHashData
 - QHashDummyNode
 - QHashDummyValue
 - QHashIterator
 - QHashNode
 - QHelpContentItem
 - QHelpContentModel
 - QHelpContentWidget
 - QHelpEngine
 - QHelpEngineCore
 - QHelpGlobal
 - QHelpIndexModel
 - QHelpIndexWidget
 - QHelpSearchEngine
 - QHelpSearchQuery
 - QHelpSearchQueryWidget
 - QHelpSearchResultWidget
 - QHostAddress
 - QHostInfo
 - QHttp
 - QHttpHeader
 - QHttpRequestHeader
 - QHttpResponseHeader
 - QIPv6Address
 - QIconEngineFactoryInterfaceV2
 - QIconEnginePluginV2
 - QIconEngineV2::AvailableSizesArgument
 - QImageIOHandlerFactoryInterface
 - QImageIOPlugin
 - QIncompatibleFlag
 - QInputContextFactoryInterface
 - QInputContextPlugin
 - QIntegerForSize>
 - QIntegerForSizeof
 - QLatin1Literal
 - QList::Node
 - QList::const_iterator
 - QList::iterator
 - QListData
 - QListIterator
 - QLocalServer
 - QLocalSocket
 - QMap::const_iterator
 - QMap::iterator
 - QMapData
 - QMapIterator
 - QMapNode
 - QMapPayloadNode
 - QMetaObjectExtraData
 - QMultiHash
 - QMutableHashIterator
 - QMutableLinkedListIterator
 - QMutableListIterator
 - QMutableMapIterator
 - QMutableVectorIterator
 - QNetworkAccessManager
 - QNetworkAddressEntry
 - QNetworkCacheMetaData
 - QNetworkCookie
 - QNetworkCookieJar
 - QNetworkDiskCache
 - QNetworkInterface
 - QNetworkProxy
 - QNetworkProxyFactory
 - QNetworkProxyQuery
 - QNetworkReply
 - QNetworkRequest
 - QNoDebug
 - QPictureFormatInterface
 - QPictureFormatPlugin
 - QPixmapCache::Key
 - QProxyStyle
 - QReturnArgument
 - QS60Style
 - QScopedArrayPointer
 - QScopedPointerArrayDeleter
 - QScopedPointerDeleter
 - QScopedPointerPodDeleter
 - QScriptClass
 - QScriptClassPropertyIterator
 - QScriptContext
 - QScriptContextInfo
 - QScriptEngine
 - QScriptEngineAgent
 - QScriptEngineDebugger
 - QScriptExtensionInterface
 - QScriptExtensionPlugin
 - QScriptProgram
 - QScriptString
 - QScriptSyntaxCheckResult
 - QScriptValue
 - QScriptValueIterator
 - QScriptable
 - QSet::const_iterator
 - QSet::iterator
 - QSignalSpy
 - QSimpleXmlNodeModel
 - QSourceLocation
 - QSpontaneKeyEvent
 - QSqlDatabase
 - QSqlDriver
 - QSqlDriverCreator
 - QSqlDriverCreatorBase
 - QSqlDriverFactoryInterface
 - QSqlDriverPlugin
 - QSqlError
 - QSqlField
 - QSqlIndex
 - QSqlQuery
 - QSqlQueryModel
 - QSqlRecord
 - QSqlRelation
 - QSqlRelationalDelegate
 - QSqlRelationalTableModel
 - QSqlResult
 - QSqlTableModel
 - QSslCertificate
 - QSslCipher
 - QSslConfiguration
 - QSslError
 - QSslKey
 - QSslSocket
 - QStringBuilder
 - QStyleFactoryInterface
 - QStyleOptionTabWidgetFrameV2
 - QStylePlugin
 - QSvgGenerator
 - QSvgRenderer
 - QSvgWidget
 - QTcpServer
 - QTcpSocket
 - QTestBasicStreamer
 - QTestCoreElement
 - QTestCoreList
 - QTestData
 - QTestDelayEvent
 - QTestElement
 - QTestElementAttribute
 - QTestEvent
 - QTestEventList
 - QTestEventLoop
 - QTestFileLogger
 - QTestKeyClicksEvent
 - QTestKeyEvent
 - QTestLightXmlStreamer
 - QTestMouseEvent
 - QTestXmlStreamer
 - QTestXunitStreamer
 - QTextCodecFactoryInterface
 - QTextCodecPlugin
 - QTextDocumentWriter
 - QUdpSocket
 - QUiLoader
 - QUrlInfo
 - QVideoFrame
 - QVideoSurfaceFormat
 - QWebDatabase
 - QWebElement
 - QWebElementCollection
 - QWebFrame
 - QWebHistory
 - QWebHistoryInterface
 - QWebHistoryItem
 - QWebHitTestResult
 - QWebInspector
 - QWebPage
 - QWebPluginFactory
 - QWebSecurityOrigin
 - QWebSettings
 - QWebView
 - QX11Info
 - QXmlAttributes
 - QXmlContentHandler
 - QXmlDTDHandler
 - QXmlDeclHandler
 - QXmlDefaultHandler
 - QXmlEntityResolver
 - QXmlErrorHandler
 - QXmlFormatter
 - QXmlInputSource
 - QXmlItem
 - QXmlLexicalHandler
 - QXmlLocator
 - QXmlName
 - QXmlNamePool
 - QXmlNamespaceSupport
 - QXmlNodeModelIndex
 - QXmlParseException
 - QXmlQuery
 - QXmlReader
 - QXmlResultItems
 - QXmlSchema
 - QXmlSchemaValidator
 - QXmlSerializer
 - QXmlSimpleReader
 - QXmlStreamStringRef
 - QwtArrayData
 - QwtCPointerData
 - QwtData
 - QwtLegendItemManager
 - QwtPlotDict
 - QwtPlotPrintFilter
 - QwtPolygonFData
 - QwtScaleMap
 - QwtScaleTransformation
 - QwtText
 - _IO_FILE
 - _IO_marker
 - __exception
 - drand48_data
 - random_data
 - timespec
 - timeval
************************************************************************

************************************************************************
Generation disabled by type system
 - QAbstractFileEngine::ExtensionOption
 - QAbstractFileEngine::ExtensionReturn
 - QAbstractUndoItem
 - QAccessible
 - QAccessible2
 - QAccessibleApplication
 - QAccessibleBridgeFactoryInterface
 - QAccessibleBridgePlugin
 - QAccessibleEditableTextInterface
 - QAccessibleFactoryInterface
 - QAccessibleInterface
 - QAccessibleInterfaceEx
 - QAccessibleObject
 - QAccessibleObjectEx
 - QAccessibleSimpleEditableTextInterface
 - QAccessibleTextInterface
 - QAccessibleValueInterface
 - QAccessibleWidget
 - QAccessibleWidgetEx
 - QAlgorithmsPrivate
 - QAtomicInt
 - QAtomicPointer
 - QBasicAtomicInt
 - QBasicAtomicPointer
 - QBitRef
 - QBrushData
 - QByteArray::Data
 - QByteRef
 - QCache
 - QCharRef
 - QContiguousCache
 - QDebug
 - QExplicitlySharedDataPointer
 - QFlag
 - QFlags
 - QForeachContainer
 - QForeachContainerBase
 - QFutureInterface
 - QFutureInterfaceBase
 - QFutureSynchronizer
 - QGlobalStatic
 - QGlobalStaticDeleter
 - QIconEngineFactoryInterface
 - QIconEnginePlugin
 - QImageTextKeyLang
 - QInternal
 - QItemEditorCreator
 - QLatin1Char
 - QLatin1String
 - QLibrary
 - QLinkedList
 - QLinkedListData
 - QLinkedListIterator
 - QLinkedListNode
 - QLocale::Data
 - QMdi
 - QMetaType
 - QMetaTypeId
 - QMetaTypeId2
 - QMimeSource
 - QMutableSetIterator
 - QObjectCleanupHandler
 - QObjectData
 - QObjectUserData
 - QPainterPathPrivate
 - QPointer
 - QRegion::QRegionData
 - QScopedPointer
 - QSetIterator
 - QSharedData
 - QSharedDataPointer
 - QSharedMemory
 - QStack
 - QStandardItemEditorCreator
 - QStringMatcher
 - QStyleOptionQ3DockWindow
 - QStyleOptionQ3ListView
 - QStyleOptionQ3ListViewItem
 - QTextFrameLayoutData
 - QThreadStorage
 - QThreadStorageData
 - QTypeInfo
 - QUpdateLaterEvent
 - QVFbHeader
 - QVFbKeyData
 - QVarLengthArray
 - QVectorData
 - QVectorIterator
 - QVectorTypedData
 - QWSEmbedWidget
 - QWidgetData
 - QWidgetItemV2
 - QWindowsCEStyle
 - QWindowsMobileStyle
 - QWindowsVistaStyle
 - QWindowsXPStyle
 - QtConcurrent::Exception
 - QtConcurrent::UnhandledException
 - QtConcurrent::internal
 - QtPrivate
 - std
************************************************************************

************************************************************************
Type redefined to not be a class
 - QBool
 - QChar
 - QString
 - QStringRef
 - QVariant
************************************************************************

************************************************************************
Unmatched argument type
************************************************************************

************************************************************************
Unmatched return type
************************************************************************

************************************************************************
Incompatible API
 - QElapsedTimer
 - QElapsedTimer::ClockType
 - QFlags<QPainter::PixmapFragmentHint>
 - QPainter::PixmapFragmentHint
 - QTextDocument::Stacks
************************************************************************

